2022/03/09 10:50:57 TRACE ClassPathMapperScanner:275 - Scanning file [D:\IDEAUi\XMJX\target\classes\com\zhjh\mapper\AccountMapper.class]
2022/03/09 10:50:57 DEBUG ClassPathMapperScanner:286 - Identified candidate component class: file [D:\IDEAUi\XMJX\target\classes\com\zhjh\mapper\AccountMapper.class]
2022/03/09 10:50:57 TRACE ClassPathMapperScanner:275 - Scanning file [D:\IDEAUi\XMJX\target\classes\com\zhjh\mapper\AppConfigMapper.class]
2022/03/09 10:50:57 DEBUG ClassPathMapperScanner:286 - Identified candidate component class: file [D:\IDEAUi\XMJX\target\classes\com\zhjh\mapper\AppConfigMapper.class]
2022/03/09 10:50:57 TRACE ClassPathMapperScanner:275 - Scanning file [D:\IDEAUi\XMJX\target\classes\com\zhjh\mapper\AreaMapper.class]
2022/03/09 10:50:57 DEBUG ClassPathMapperScanner:286 - Identified candidate component class: file [D:\IDEAUi\XMJX\target\classes\com\zhjh\mapper\AreaMapper.class]
2022/03/09 10:50:57 TRACE ClassPathMapperScanner:275 - Scanning file [D:\IDEAUi\XMJX\target\classes\com\zhjh\mapper\AttendanceMapper.class]
2022/03/09 10:50:57 DEBUG ClassPathMapperScanner:286 - Identified candidate component class: file [D:\IDEAUi\XMJX\target\classes\com\zhjh\mapper\AttendanceMapper.class]
2022/03/09 10:50:57 TRACE ClassPathMapperScanner:275 - Scanning file [D:\IDEAUi\XMJX\target\classes\com\zhjh\mapper\BadnoticeMapper.class]
2022/03/09 10:50:57 DEBUG ClassPathMapperScanner:286 - Identified candidate component class: file [D:\IDEAUi\XMJX\target\classes\com\zhjh\mapper\BadnoticeMapper.class]
2022/03/09 10:50:57 TRACE ClassPathMapperScanner:275 - Scanning file [D:\IDEAUi\XMJX\target\classes\com\zhjh\mapper\base\BaseMapper.class]
2022/03/09 10:50:57 DEBUG ClassPathMapperScanner:286 - Identified candidate component class: file [D:\IDEAUi\XMJX\target\classes\com\zhjh\mapper\base\BaseMapper.class]
2022/03/09 10:50:57 TRACE ClassPathMapperScanner:275 - Scanning file [D:\IDEAUi\XMJX\target\classes\com\zhjh\mapper\BlankDetailsMapper.class]
2022/03/09 10:50:57 DEBUG ClassPathMapperScanner:286 - Identified candidate component class: file [D:\IDEAUi\XMJX\target\classes\com\zhjh\mapper\BlankDetailsMapper.class]
2022/03/09 10:50:57 TRACE ClassPathMapperScanner:275 - Scanning file [D:\IDEAUi\XMJX\target\classes\com\zhjh\mapper\BlankMapper.class]
2022/03/09 10:50:57 DEBUG ClassPathMapperScanner:286 - Identified candidate component class: file [D:\IDEAUi\XMJX\target\classes\com\zhjh\mapper\BlankMapper.class]
2022/03/09 10:50:57 TRACE ClassPathMapperScanner:275 - Scanning file [D:\IDEAUi\XMJX\target\classes\com\zhjh\mapper\BlankProcessMapper.class]
2022/03/09 10:50:57 DEBUG ClassPathMapperScanner:286 - Identified candidate component class: file [D:\IDEAUi\XMJX\target\classes\com\zhjh\mapper\BlankProcessMapper.class]
2022/03/09 10:50:57 TRACE ClassPathMapperScanner:275 - Scanning file [D:\IDEAUi\XMJX\target\classes\com\zhjh\mapper\BlankSizeMapper.class]
2022/03/09 10:50:57 DEBUG ClassPathMapperScanner:286 - Identified candidate component class: file [D:\IDEAUi\XMJX\target\classes\com\zhjh\mapper\BlankSizeMapper.class]
2022/03/09 10:50:57 TRACE ClassPathMapperScanner:275 - Scanning file [D:\IDEAUi\XMJX\target\classes\com\zhjh\mapper\ButtomMapper.class]
2022/03/09 10:50:57 DEBUG ClassPathMapperScanner:286 - Identified candidate component class: file [D:\IDEAUi\XMJX\target\classes\com\zhjh\mapper\ButtomMapper.class]
2022/03/09 10:50:57 TRACE ClassPathMapperScanner:275 - Scanning file [D:\IDEAUi\XMJX\target\classes\com\zhjh\mapper\CidRoleMapper.class]
2022/03/09 10:50:57 DEBUG ClassPathMapperScanner:286 - Identified candidate component class: file [D:\IDEAUi\XMJX\target\classes\com\zhjh\mapper\CidRoleMapper.class]
2022/03/09 10:50:57 TRACE ClassPathMapperScanner:275 - Scanning file [D:\IDEAUi\XMJX\target\classes\com\zhjh\mapper\ClientMapper.class]
2022/03/09 10:50:57 DEBUG ClassPathMapperScanner:286 - Identified candidate component class: file [D:\IDEAUi\XMJX\target\classes\com\zhjh\mapper\ClientMapper.class]
2022/03/09 10:50:57 TRACE ClassPathMapperScanner:275 - Scanning file [D:\IDEAUi\XMJX\target\classes\com\zhjh\mapper\EmployeeMapper.class]
2022/03/09 10:50:57 DEBUG ClassPathMapperScanner:286 - Identified candidate component class: file [D:\IDEAUi\XMJX\target\classes\com\zhjh\mapper\EmployeeMapper.class]
2022/03/09 10:50:57 TRACE ClassPathMapperScanner:275 - Scanning file [D:\IDEAUi\XMJX\target\classes\com\zhjh\mapper\FixedProcessMapper.class]
2022/03/09 10:50:57 DEBUG ClassPathMapperScanner:286 - Identified candidate component class: file [D:\IDEAUi\XMJX\target\classes\com\zhjh\mapper\FixedProcessMapper.class]
2022/03/09 10:50:57 TRACE ClassPathMapperScanner:275 - Scanning file [D:\IDEAUi\XMJX\target\classes\com\zhjh\mapper\GoodMapper.class]
2022/03/09 10:50:57 DEBUG ClassPathMapperScanner:286 - Identified candidate component class: file [D:\IDEAUi\XMJX\target\classes\com\zhjh\mapper\GoodMapper.class]
2022/03/09 10:50:57 TRACE ClassPathMapperScanner:275 - Scanning file [D:\IDEAUi\XMJX\target\classes\com\zhjh\mapper\GoodProcessMapper.class]
2022/03/09 10:50:57 DEBUG ClassPathMapperScanner:286 - Identified candidate component class: file [D:\IDEAUi\XMJX\target\classes\com\zhjh\mapper\GoodProcessMapper.class]
2022/03/09 10:50:57 TRACE ClassPathMapperScanner:275 - Scanning file [D:\IDEAUi\XMJX\target\classes\com\zhjh\mapper\GoodproductCategoryMapper.class]
2022/03/09 10:50:57 DEBUG ClassPathMapperScanner:286 - Identified candidate component class: file [D:\IDEAUi\XMJX\target\classes\com\zhjh\mapper\GoodproductCategoryMapper.class]
2022/03/09 10:50:57 TRACE ClassPathMapperScanner:275 - Scanning file [D:\IDEAUi\XMJX\target\classes\com\zhjh\mapper\HardNessMapper.class]
2022/03/09 10:50:57 DEBUG ClassPathMapperScanner:286 - Identified candidate component class: file [D:\IDEAUi\XMJX\target\classes\com\zhjh\mapper\HardNessMapper.class]
2022/03/09 10:50:57 TRACE ClassPathMapperScanner:275 - Scanning file [D:\IDEAUi\XMJX\target\classes\com\zhjh\mapper\HeatTreatMapper.class]
2022/03/09 10:50:57 DEBUG ClassPathMapperScanner:286 - Identified candidate component class: file [D:\IDEAUi\XMJX\target\classes\com\zhjh\mapper\HeatTreatMapper.class]
2022/03/09 10:50:57 TRACE ClassPathMapperScanner:275 - Scanning file [D:\IDEAUi\XMJX\target\classes\com\zhjh\mapper\LeaveMapper.class]
2022/03/09 10:50:57 DEBUG ClassPathMapperScanner:286 - Identified candidate component class: file [D:\IDEAUi\XMJX\target\classes\com\zhjh\mapper\LeaveMapper.class]
2022/03/09 10:50:57 TRACE ClassPathMapperScanner:275 - Scanning file [D:\IDEAUi\XMJX\target\classes\com\zhjh\mapper\LogMapper.class]
2022/03/09 10:50:57 DEBUG ClassPathMapperScanner:286 - Identified candidate component class: file [D:\IDEAUi\XMJX\target\classes\com\zhjh\mapper\LogMapper.class]
2022/03/09 10:50:57 TRACE ClassPathMapperScanner:275 - Scanning file [D:\IDEAUi\XMJX\target\classes\com\zhjh\mapper\MaterialBackExcelDetailsMapper.class]
2022/03/09 10:50:57 DEBUG ClassPathMapperScanner:286 - Identified candidate component class: file [D:\IDEAUi\XMJX\target\classes\com\zhjh\mapper\MaterialBackExcelDetailsMapper.class]
2022/03/09 10:50:57 TRACE ClassPathMapperScanner:275 - Scanning file [D:\IDEAUi\XMJX\target\classes\com\zhjh\mapper\MaterialBackExcelMapper.class]
2022/03/09 10:50:57 DEBUG ClassPathMapperScanner:286 - Identified candidate component class: file [D:\IDEAUi\XMJX\target\classes\com\zhjh\mapper\MaterialBackExcelMapper.class]
2022/03/09 10:50:57 TRACE ClassPathMapperScanner:275 - Scanning file [D:\IDEAUi\XMJX\target\classes\com\zhjh\mapper\MaterialBackOrderDetailsDetailsMapper.class]
2022/03/09 10:50:57 DEBUG ClassPathMapperScanner:286 - Identified candidate component class: file [D:\IDEAUi\XMJX\target\classes\com\zhjh\mapper\MaterialBackOrderDetailsDetailsMapper.class]
2022/03/09 10:50:57 TRACE ClassPathMapperScanner:275 - Scanning file [D:\IDEAUi\XMJX\target\classes\com\zhjh\mapper\MaterialBackOrderDetailsMapper.class]
2022/03/09 10:50:57 DEBUG ClassPathMapperScanner:286 - Identified candidate component class: file [D:\IDEAUi\XMJX\target\classes\com\zhjh\mapper\MaterialBackOrderDetailsMapper.class]
2022/03/09 10:50:57 TRACE ClassPathMapperScanner:275 - Scanning file [D:\IDEAUi\XMJX\target\classes\com\zhjh\mapper\MaterialBackOrderMapper.class]
2022/03/09 10:50:57 DEBUG ClassPathMapperScanner:286 - Identified candidate component class: file [D:\IDEAUi\XMJX\target\classes\com\zhjh\mapper\MaterialBackOrderMapper.class]
2022/03/09 10:50:57 TRACE ClassPathMapperScanner:275 - Scanning file [D:\IDEAUi\XMJX\target\classes\com\zhjh\mapper\MaterialBuyExcelMapper.class]
2022/03/09 10:50:57 DEBUG ClassPathMapperScanner:286 - Identified candidate component class: file [D:\IDEAUi\XMJX\target\classes\com\zhjh\mapper\MaterialBuyExcelMapper.class]
2022/03/09 10:50:57 TRACE ClassPathMapperScanner:275 - Scanning file [D:\IDEAUi\XMJX\target\classes\com\zhjh\mapper\MaterialBuyExcelTimeMapper.class]
2022/03/09 10:50:57 DEBUG ClassPathMapperScanner:286 - Identified candidate component class: file [D:\IDEAUi\XMJX\target\classes\com\zhjh\mapper\MaterialBuyExcelTimeMapper.class]
2022/03/09 10:50:57 TRACE ClassPathMapperScanner:275 - Scanning file [D:\IDEAUi\XMJX\target\classes\com\zhjh\mapper\MaterialbuyorderdetailsBlankMapper.class]
2022/03/09 10:50:57 DEBUG ClassPathMapperScanner:286 - Identified candidate component class: file [D:\IDEAUi\XMJX\target\classes\com\zhjh\mapper\MaterialbuyorderdetailsBlankMapper.class]
2022/03/09 10:50:57 TRACE ClassPathMapperScanner:275 - Scanning file [D:\IDEAUi\XMJX\target\classes\com\zhjh\mapper\MaterialBuyOrderDetailsMapper.class]
2022/03/09 10:50:57 DEBUG ClassPathMapperScanner:286 - Identified candidate component class: file [D:\IDEAUi\XMJX\target\classes\com\zhjh\mapper\MaterialBuyOrderDetailsMapper.class]
2022/03/09 10:50:57 TRACE ClassPathMapperScanner:275 - Scanning file [D:\IDEAUi\XMJX\target\classes\com\zhjh\mapper\MaterialBuyOrderMapper.class]
2022/03/09 10:50:57 DEBUG ClassPathMapperScanner:286 - Identified candidate component class: file [D:\IDEAUi\XMJX\target\classes\com\zhjh\mapper\MaterialBuyOrderMapper.class]
2022/03/09 10:50:57 TRACE ClassPathMapperScanner:275 - Scanning file [D:\IDEAUi\XMJX\target\classes\com\zhjh\mapper\MaterialMapper.class]
2022/03/09 10:50:57 DEBUG ClassPathMapperScanner:286 - Identified candidate component class: file [D:\IDEAUi\XMJX\target\classes\com\zhjh\mapper\MaterialMapper.class]
2022/03/09 10:50:57 TRACE ClassPathMapperScanner:275 - Scanning file [D:\IDEAUi\XMJX\target\classes\com\zhjh\mapper\MaterialQualityTypeMapper.class]
2022/03/09 10:50:57 DEBUG ClassPathMapperScanner:286 - Identified candidate component class: file [D:\IDEAUi\XMJX\target\classes\com\zhjh\mapper\MaterialQualityTypeMapper.class]
2022/03/09 10:50:57 TRACE ClassPathMapperScanner:275 - Scanning file [D:\IDEAUi\XMJX\target\classes\com\zhjh\mapper\MaterialqualitytypeProcessMapper.class]
2022/03/09 10:50:57 DEBUG ClassPathMapperScanner:286 - Identified candidate component class: file [D:\IDEAUi\XMJX\target\classes\com\zhjh\mapper\MaterialqualitytypeProcessMapper.class]
2022/03/09 10:50:57 TRACE ClassPathMapperScanner:275 - Scanning file [D:\IDEAUi\XMJX\target\classes\com\zhjh\mapper\MaterialweightMapper.class]
2022/03/09 10:50:57 DEBUG ClassPathMapperScanner:286 - Identified candidate component class: file [D:\IDEAUi\XMJX\target\classes\com\zhjh\mapper\MaterialweightMapper.class]
2022/03/09 10:50:57 TRACE ClassPathMapperScanner:275 - Scanning file [D:\IDEAUi\XMJX\target\classes\com\zhjh\mapper\OrderDetailsMapper.class]
2022/03/09 10:50:57 DEBUG ClassPathMapperScanner:286 - Identified candidate component class: file [D:\IDEAUi\XMJX\target\classes\com\zhjh\mapper\OrderDetailsMapper.class]
2022/03/09 10:50:57 TRACE ClassPathMapperScanner:275 - Scanning file [D:\IDEAUi\XMJX\target\classes\com\zhjh\mapper\OrderDetailsProcessMapper.class]
2022/03/09 10:50:57 DEBUG ClassPathMapperScanner:286 - Identified candidate component class: file [D:\IDEAUi\XMJX\target\classes\com\zhjh\mapper\OrderDetailsProcessMapper.class]
2022/03/09 10:50:57 TRACE ClassPathMapperScanner:275 - Scanning file [D:\IDEAUi\XMJX\target\classes\com\zhjh\mapper\OrderGoodCodeMapper.class]
2022/03/09 10:50:57 DEBUG ClassPathMapperScanner:286 - Identified candidate component class: file [D:\IDEAUi\XMJX\target\classes\com\zhjh\mapper\OrderGoodCodeMapper.class]
2022/03/09 10:50:57 TRACE ClassPathMapperScanner:275 - Scanning file [D:\IDEAUi\XMJX\target\classes\com\zhjh\mapper\OrderMapper.class]
2022/03/09 10:50:57 DEBUG ClassPathMapperScanner:286 - Identified candidate component class: file [D:\IDEAUi\XMJX\target\classes\com\zhjh\mapper\OrderMapper.class]
2022/03/09 10:50:57 TRACE ClassPathMapperScanner:275 - Scanning file [D:\IDEAUi\XMJX\target\classes\com\zhjh\mapper\PodetailsMapper.class]
2022/03/09 10:50:57 DEBUG ClassPathMapperScanner:286 - Identified candidate component class: file [D:\IDEAUi\XMJX\target\classes\com\zhjh\mapper\PodetailsMapper.class]
2022/03/09 10:50:57 TRACE ClassPathMapperScanner:275 - Scanning file [D:\IDEAUi\XMJX\target\classes\com\zhjh\mapper\PoMapper.class]
2022/03/09 10:50:57 DEBUG ClassPathMapperScanner:286 - Identified candidate component class: file [D:\IDEAUi\XMJX\target\classes\com\zhjh\mapper\PoMapper.class]
2022/03/09 10:50:57 TRACE ClassPathMapperScanner:275 - Scanning file [D:\IDEAUi\XMJX\target\classes\com\zhjh\mapper\PostSearchMapper.class]
2022/03/09 10:50:57 DEBUG ClassPathMapperScanner:286 - Identified candidate component class: file [D:\IDEAUi\XMJX\target\classes\com\zhjh\mapper\PostSearchMapper.class]
2022/03/09 10:50:57 TRACE ClassPathMapperScanner:275 - Scanning file [D:\IDEAUi\XMJX\target\classes\com\zhjh\mapper\ProcessMapper.class]
2022/03/09 10:50:57 DEBUG ClassPathMapperScanner:286 - Identified candidate component class: file [D:\IDEAUi\XMJX\target\classes\com\zhjh\mapper\ProcessMapper.class]
2022/03/09 10:50:57 TRACE ClassPathMapperScanner:275 - Scanning file [D:\IDEAUi\XMJX\target\classes\com\zhjh\mapper\ProgressSearchMapper.class]
2022/03/09 10:50:57 DEBUG ClassPathMapperScanner:286 - Identified candidate component class: file [D:\IDEAUi\XMJX\target\classes\com\zhjh\mapper\ProgressSearchMapper.class]
2022/03/09 10:50:57 TRACE ClassPathMapperScanner:275 - Scanning file [D:\IDEAUi\XMJX\target\classes\com\zhjh\mapper\ResourcesMapper.class]
2022/03/09 10:50:57 DEBUG ClassPathMapperScanner:286 - Identified candidate component class: file [D:\IDEAUi\XMJX\target\classes\com\zhjh\mapper\ResourcesMapper.class]
2022/03/09 10:50:57 TRACE ClassPathMapperScanner:275 - Scanning file [D:\IDEAUi\XMJX\target\classes\com\zhjh\mapper\ResRoleMapper.class]
2022/03/09 10:50:57 DEBUG ClassPathMapperScanner:286 - Identified candidate component class: file [D:\IDEAUi\XMJX\target\classes\com\zhjh\mapper\ResRoleMapper.class]
2022/03/09 10:50:57 TRACE ClassPathMapperScanner:275 - Scanning file [D:\IDEAUi\XMJX\target\classes\com\zhjh\mapper\RoleMapper.class]
2022/03/09 10:50:57 DEBUG ClassPathMapperScanner:286 - Identified candidate component class: file [D:\IDEAUi\XMJX\target\classes\com\zhjh\mapper\RoleMapper.class]
2022/03/09 10:50:57 TRACE ClassPathMapperScanner:275 - Scanning file [D:\IDEAUi\XMJX\target\classes\com\zhjh\mapper\RoleProcessMapper.class]
2022/03/09 10:50:57 DEBUG ClassPathMapperScanner:286 - Identified candidate component class: file [D:\IDEAUi\XMJX\target\classes\com\zhjh\mapper\RoleProcessMapper.class]
2022/03/09 10:50:57 TRACE ClassPathMapperScanner:275 - Scanning file [D:\IDEAUi\XMJX\target\classes\com\zhjh\mapper\ScanCodeMapper.class]
2022/03/09 10:50:57 DEBUG ClassPathMapperScanner:286 - Identified candidate component class: file [D:\IDEAUi\XMJX\target\classes\com\zhjh\mapper\ScanCodeMapper.class]
2022/03/09 10:50:57 TRACE ClassPathMapperScanner:275 - Scanning file [D:\IDEAUi\XMJX\target\classes\com\zhjh\mapper\ScrapMapper.class]
2022/03/09 10:50:57 DEBUG ClassPathMapperScanner:286 - Identified candidate component class: file [D:\IDEAUi\XMJX\target\classes\com\zhjh\mapper\ScrapMapper.class]
2022/03/09 10:50:57 TRACE ClassPathMapperScanner:275 - Scanning file [D:\IDEAUi\XMJX\target\classes\com\zhjh\mapper\SendInputMapper.class]
2022/03/09 10:50:57 DEBUG ClassPathMapperScanner:286 - Identified candidate component class: file [D:\IDEAUi\XMJX\target\classes\com\zhjh\mapper\SendInputMapper.class]
2022/03/09 10:50:57 TRACE ClassPathMapperScanner:275 - Scanning file [D:\IDEAUi\XMJX\target\classes\com\zhjh\mapper\StockMapper.class]
2022/03/09 10:50:57 DEBUG ClassPathMapperScanner:286 - Identified candidate component class: file [D:\IDEAUi\XMJX\target\classes\com\zhjh\mapper\StockMapper.class]
2022/03/09 10:50:57 TRACE ClassPathMapperScanner:275 - Scanning file [D:\IDEAUi\XMJX\target\classes\com\zhjh\mapper\SupplierMapper.class]
2022/03/09 10:50:57 DEBUG ClassPathMapperScanner:286 - Identified candidate component class: file [D:\IDEAUi\XMJX\target\classes\com\zhjh\mapper\SupplierMapper.class]
2022/03/09 10:50:57 TRACE ClassPathMapperScanner:275 - Scanning file [D:\IDEAUi\XMJX\target\classes\com\zhjh\mapper\SystemconfigMapper.class]
2022/03/09 10:50:57 DEBUG ClassPathMapperScanner:286 - Identified candidate component class: file [D:\IDEAUi\XMJX\target\classes\com\zhjh\mapper\SystemconfigMapper.class]
2022/03/09 10:50:57 TRACE ClassPathMapperScanner:275 - Scanning file [D:\IDEAUi\XMJX\target\classes\com\zhjh\mapper\TeamMapper.class]
2022/03/09 10:50:57 DEBUG ClassPathMapperScanner:286 - Identified candidate component class: file [D:\IDEAUi\XMJX\target\classes\com\zhjh\mapper\TeamMapper.class]
2022/03/09 10:50:57 TRACE ClassPathMapperScanner:275 - Scanning file [D:\IDEAUi\XMJX\target\classes\com\zhjh\mapper\ToolInMapper.class]
2022/03/09 10:50:57 DEBUG ClassPathMapperScanner:286 - Identified candidate component class: file [D:\IDEAUi\XMJX\target\classes\com\zhjh\mapper\ToolInMapper.class]
2022/03/09 10:50:58 TRACE ClassPathMapperScanner:275 - Scanning file [D:\IDEAUi\XMJX\target\classes\com\zhjh\mapper\ToolMapper.class]
2022/03/09 10:50:58 DEBUG ClassPathMapperScanner:286 - Identified candidate component class: file [D:\IDEAUi\XMJX\target\classes\com\zhjh\mapper\ToolMapper.class]
2022/03/09 10:50:58 TRACE ClassPathMapperScanner:275 - Scanning file [D:\IDEAUi\XMJX\target\classes\com\zhjh\mapper\ToolOutMapper.class]
2022/03/09 10:50:58 DEBUG ClassPathMapperScanner:286 - Identified candidate component class: file [D:\IDEAUi\XMJX\target\classes\com\zhjh\mapper\ToolOutMapper.class]
2022/03/09 10:50:58 TRACE ClassPathMapperScanner:275 - Scanning file [D:\IDEAUi\XMJX\target\classes\com\zhjh\mapper\ToolStockMapper.class]
2022/03/09 10:50:58 DEBUG ClassPathMapperScanner:286 - Identified candidate component class: file [D:\IDEAUi\XMJX\target\classes\com\zhjh\mapper\ToolStockMapper.class]
2022/03/09 10:50:58 TRACE ClassPathMapperScanner:275 - Scanning file [D:\IDEAUi\XMJX\target\classes\com\zhjh\mapper\ToolTypeMapper.class]
2022/03/09 10:50:58 DEBUG ClassPathMapperScanner:286 - Identified candidate component class: file [D:\IDEAUi\XMJX\target\classes\com\zhjh\mapper\ToolTypeMapper.class]
2022/03/09 10:50:58 TRACE ClassPathMapperScanner:275 - Scanning file [D:\IDEAUi\XMJX\target\classes\com\zhjh\mapper\UnitMapper.class]
2022/03/09 10:50:58 DEBUG ClassPathMapperScanner:286 - Identified candidate component class: file [D:\IDEAUi\XMJX\target\classes\com\zhjh\mapper\UnitMapper.class]
2022/03/09 10:50:58 TRACE ClassPathMapperScanner:275 - Scanning file [D:\IDEAUi\XMJX\target\classes\com\zhjh\mapper\UnqualifiedMapper.class]
2022/03/09 10:50:58 DEBUG ClassPathMapperScanner:286 - Identified candidate component class: file [D:\IDEAUi\XMJX\target\classes\com\zhjh\mapper\UnqualifiedMapper.class]
2022/03/09 10:50:58 TRACE ClassPathMapperScanner:275 - Scanning file [D:\IDEAUi\XMJX\target\classes\com\zhjh\mapper\UserLoginMapper.class]
2022/03/09 10:50:58 DEBUG ClassPathMapperScanner:286 - Identified candidate component class: file [D:\IDEAUi\XMJX\target\classes\com\zhjh\mapper\UserLoginMapper.class]
2022/03/09 10:50:58 TRACE ClassPathMapperScanner:275 - Scanning file [D:\IDEAUi\XMJX\target\classes\com\zhjh\mapper\UserMapper.class]
2022/03/09 10:50:58 DEBUG ClassPathMapperScanner:286 - Identified candidate component class: file [D:\IDEAUi\XMJX\target\classes\com\zhjh\mapper\UserMapper.class]
2022/03/09 10:50:58 TRACE ClassPathMapperScanner:275 - Scanning file [D:\IDEAUi\XMJX\target\classes\com\zhjh\mapper\UserRoleMapper.class]
2022/03/09 10:50:58 DEBUG ClassPathMapperScanner:286 - Identified candidate component class: file [D:\IDEAUi\XMJX\target\classes\com\zhjh\mapper\UserRoleMapper.class]
2022/03/09 10:50:58 TRACE ClassPathMapperScanner:275 - Scanning file [D:\IDEAUi\XMJX\target\classes\com\zhjh\mapper\WagesMapper.class]
2022/03/09 10:50:58 DEBUG ClassPathMapperScanner:286 - Identified candidate component class: file [D:\IDEAUi\XMJX\target\classes\com\zhjh\mapper\WagesMapper.class]
2022/03/09 10:50:58 TRACE ClassPathMapperScanner:275 - Scanning file [D:\IDEAUi\XMJX\target\classes\com\zhjh\mapper\WorkersubmitHeatTreatMapper.class]
2022/03/09 10:50:58 DEBUG ClassPathMapperScanner:286 - Identified candidate component class: file [D:\IDEAUi\XMJX\target\classes\com\zhjh\mapper\WorkersubmitHeatTreatMapper.class]
2022/03/09 10:50:58 TRACE ClassPathMapperScanner:275 - Scanning file [D:\IDEAUi\XMJX\target\classes\com\zhjh\mapper\WorkersubmitMapper.class]
2022/03/09 10:50:58 DEBUG ClassPathMapperScanner:286 - Identified candidate component class: file [D:\IDEAUi\XMJX\target\classes\com\zhjh\mapper\WorkersubmitMapper.class]
2022/03/09 10:50:58 TRACE ClassPathMapperScanner:275 - Scanning file [D:\IDEAUi\XMJX\target\classes\com\zhjh\mapper\WorkGoodcodeMapper.class]
2022/03/09 10:50:58 DEBUG ClassPathMapperScanner:286 - Identified candidate component class: file [D:\IDEAUi\XMJX\target\classes\com\zhjh\mapper\WorkGoodcodeMapper.class]
2022/03/09 10:50:58 TRACE ClassPathMapperScanner:275 - Scanning file [D:\IDEAUi\XMJX\target\classes\com\zhjh\mapper\WorkoverwageMapper.class]
2022/03/09 10:50:58 DEBUG ClassPathMapperScanner:286 - Identified candidate component class: file [D:\IDEAUi\XMJX\target\classes\com\zhjh\mapper\WorkoverwageMapper.class]
2022/03/09 10:50:58 DEBUG ClassPathMapperScanner:164 - Creating MapperFactoryBean with name 'accountMapper' and 'com.zhjh.mapper.AccountMapper' mapperInterface
2022/03/09 10:50:58 DEBUG ClassPathMapperScanner:200 - Enabling autowire by type for MapperFactoryBean with name 'accountMapper'.
2022/03/09 10:50:58 DEBUG ClassPathMapperScanner:164 - Creating MapperFactoryBean with name 'appConfigMapper' and 'com.zhjh.mapper.AppConfigMapper' mapperInterface
2022/03/09 10:50:58 DEBUG ClassPathMapperScanner:200 - Enabling autowire by type for MapperFactoryBean with name 'appConfigMapper'.
2022/03/09 10:50:58 DEBUG ClassPathMapperScanner:164 - Creating MapperFactoryBean with name 'areaMapper' and 'com.zhjh.mapper.AreaMapper' mapperInterface
2022/03/09 10:50:58 DEBUG ClassPathMapperScanner:200 - Enabling autowire by type for MapperFactoryBean with name 'areaMapper'.
2022/03/09 10:50:58 DEBUG ClassPathMapperScanner:164 - Creating MapperFactoryBean with name 'attendanceMapper' and 'com.zhjh.mapper.AttendanceMapper' mapperInterface
2022/03/09 10:50:58 DEBUG ClassPathMapperScanner:200 - Enabling autowire by type for MapperFactoryBean with name 'attendanceMapper'.
2022/03/09 10:50:58 DEBUG ClassPathMapperScanner:164 - Creating MapperFactoryBean with name 'badnoticeMapper' and 'com.zhjh.mapper.BadnoticeMapper' mapperInterface
2022/03/09 10:50:58 DEBUG ClassPathMapperScanner:200 - Enabling autowire by type for MapperFactoryBean with name 'badnoticeMapper'.
2022/03/09 10:50:58 DEBUG ClassPathMapperScanner:164 - Creating MapperFactoryBean with name 'baseMapper' and 'com.zhjh.mapper.base.BaseMapper' mapperInterface
2022/03/09 10:50:58 DEBUG ClassPathMapperScanner:200 - Enabling autowire by type for MapperFactoryBean with name 'baseMapper'.
2022/03/09 10:50:58 DEBUG ClassPathMapperScanner:164 - Creating MapperFactoryBean with name 'blankDetailsMapper' and 'com.zhjh.mapper.BlankDetailsMapper' mapperInterface
2022/03/09 10:50:58 DEBUG ClassPathMapperScanner:200 - Enabling autowire by type for MapperFactoryBean with name 'blankDetailsMapper'.
2022/03/09 10:50:58 DEBUG ClassPathMapperScanner:164 - Creating MapperFactoryBean with name 'blankMapper' and 'com.zhjh.mapper.BlankMapper' mapperInterface
2022/03/09 10:50:58 DEBUG ClassPathMapperScanner:200 - Enabling autowire by type for MapperFactoryBean with name 'blankMapper'.
2022/03/09 10:50:58 DEBUG ClassPathMapperScanner:164 - Creating MapperFactoryBean with name 'blankProcessMapper' and 'com.zhjh.mapper.BlankProcessMapper' mapperInterface
2022/03/09 10:50:58 DEBUG ClassPathMapperScanner:200 - Enabling autowire by type for MapperFactoryBean with name 'blankProcessMapper'.
2022/03/09 10:50:58 DEBUG ClassPathMapperScanner:164 - Creating MapperFactoryBean with name 'blankSizeMapper' and 'com.zhjh.mapper.BlankSizeMapper' mapperInterface
2022/03/09 10:50:58 DEBUG ClassPathMapperScanner:200 - Enabling autowire by type for MapperFactoryBean with name 'blankSizeMapper'.
2022/03/09 10:50:58 DEBUG ClassPathMapperScanner:164 - Creating MapperFactoryBean with name 'buttomMapper' and 'com.zhjh.mapper.ButtomMapper' mapperInterface
2022/03/09 10:50:58 DEBUG ClassPathMapperScanner:200 - Enabling autowire by type for MapperFactoryBean with name 'buttomMapper'.
2022/03/09 10:50:58 DEBUG ClassPathMapperScanner:164 - Creating MapperFactoryBean with name 'cidRoleMapper' and 'com.zhjh.mapper.CidRoleMapper' mapperInterface
2022/03/09 10:50:58 DEBUG ClassPathMapperScanner:200 - Enabling autowire by type for MapperFactoryBean with name 'cidRoleMapper'.
2022/03/09 10:50:58 DEBUG ClassPathMapperScanner:164 - Creating MapperFactoryBean with name 'clientMapper' and 'com.zhjh.mapper.ClientMapper' mapperInterface
2022/03/09 10:50:58 DEBUG ClassPathMapperScanner:200 - Enabling autowire by type for MapperFactoryBean with name 'clientMapper'.
2022/03/09 10:50:58 DEBUG ClassPathMapperScanner:164 - Creating MapperFactoryBean with name 'employeeMapper' and 'com.zhjh.mapper.EmployeeMapper' mapperInterface
2022/03/09 10:50:58 DEBUG ClassPathMapperScanner:200 - Enabling autowire by type for MapperFactoryBean with name 'employeeMapper'.
2022/03/09 10:50:58 DEBUG ClassPathMapperScanner:164 - Creating MapperFactoryBean with name 'fixedProcessMapper' and 'com.zhjh.mapper.FixedProcessMapper' mapperInterface
2022/03/09 10:50:58 DEBUG ClassPathMapperScanner:200 - Enabling autowire by type for MapperFactoryBean with name 'fixedProcessMapper'.
2022/03/09 10:50:58 DEBUG ClassPathMapperScanner:164 - Creating MapperFactoryBean with name 'goodMapper' and 'com.zhjh.mapper.GoodMapper' mapperInterface
2022/03/09 10:50:58 DEBUG ClassPathMapperScanner:200 - Enabling autowire by type for MapperFactoryBean with name 'goodMapper'.
2022/03/09 10:50:58 DEBUG ClassPathMapperScanner:164 - Creating MapperFactoryBean with name 'goodProcessMapper' and 'com.zhjh.mapper.GoodProcessMapper' mapperInterface
2022/03/09 10:50:58 DEBUG ClassPathMapperScanner:200 - Enabling autowire by type for MapperFactoryBean with name 'goodProcessMapper'.
2022/03/09 10:50:58 DEBUG ClassPathMapperScanner:164 - Creating MapperFactoryBean with name 'goodproductCategoryMapper' and 'com.zhjh.mapper.GoodproductCategoryMapper' mapperInterface
2022/03/09 10:50:58 DEBUG ClassPathMapperScanner:200 - Enabling autowire by type for MapperFactoryBean with name 'goodproductCategoryMapper'.
2022/03/09 10:50:58 DEBUG ClassPathMapperScanner:164 - Creating MapperFactoryBean with name 'hardNessMapper' and 'com.zhjh.mapper.HardNessMapper' mapperInterface
2022/03/09 10:50:58 DEBUG ClassPathMapperScanner:200 - Enabling autowire by type for MapperFactoryBean with name 'hardNessMapper'.
2022/03/09 10:50:58 DEBUG ClassPathMapperScanner:164 - Creating MapperFactoryBean with name 'heatTreatMapper' and 'com.zhjh.mapper.HeatTreatMapper' mapperInterface
2022/03/09 10:50:58 DEBUG ClassPathMapperScanner:200 - Enabling autowire by type for MapperFactoryBean with name 'heatTreatMapper'.
2022/03/09 10:50:58 DEBUG ClassPathMapperScanner:164 - Creating MapperFactoryBean with name 'leaveMapper' and 'com.zhjh.mapper.LeaveMapper' mapperInterface
2022/03/09 10:50:58 DEBUG ClassPathMapperScanner:200 - Enabling autowire by type for MapperFactoryBean with name 'leaveMapper'.
2022/03/09 10:50:58 DEBUG ClassPathMapperScanner:164 - Creating MapperFactoryBean with name 'logMapper' and 'com.zhjh.mapper.LogMapper' mapperInterface
2022/03/09 10:50:58 DEBUG ClassPathMapperScanner:200 - Enabling autowire by type for MapperFactoryBean with name 'logMapper'.
2022/03/09 10:50:58 DEBUG ClassPathMapperScanner:164 - Creating MapperFactoryBean with name 'materialBackExcelDetailsMapper' and 'com.zhjh.mapper.MaterialBackExcelDetailsMapper' mapperInterface
2022/03/09 10:50:58 DEBUG ClassPathMapperScanner:200 - Enabling autowire by type for MapperFactoryBean with name 'materialBackExcelDetailsMapper'.
2022/03/09 10:50:58 DEBUG ClassPathMapperScanner:164 - Creating MapperFactoryBean with name 'materialBackExcelMapper' and 'com.zhjh.mapper.MaterialBackExcelMapper' mapperInterface
2022/03/09 10:50:58 DEBUG ClassPathMapperScanner:200 - Enabling autowire by type for MapperFactoryBean with name 'materialBackExcelMapper'.
2022/03/09 10:50:58 DEBUG ClassPathMapperScanner:164 - Creating MapperFactoryBean with name 'materialBackOrderDetailsDetailsMapper' and 'com.zhjh.mapper.MaterialBackOrderDetailsDetailsMapper' mapperInterface
2022/03/09 10:50:58 DEBUG ClassPathMapperScanner:200 - Enabling autowire by type for MapperFactoryBean with name 'materialBackOrderDetailsDetailsMapper'.
2022/03/09 10:50:58 DEBUG ClassPathMapperScanner:164 - Creating MapperFactoryBean with name 'materialBackOrderDetailsMapper' and 'com.zhjh.mapper.MaterialBackOrderDetailsMapper' mapperInterface
2022/03/09 10:50:58 DEBUG ClassPathMapperScanner:200 - Enabling autowire by type for MapperFactoryBean with name 'materialBackOrderDetailsMapper'.
2022/03/09 10:50:58 DEBUG ClassPathMapperScanner:164 - Creating MapperFactoryBean with name 'materialBackOrderMapper' and 'com.zhjh.mapper.MaterialBackOrderMapper' mapperInterface
2022/03/09 10:50:58 DEBUG ClassPathMapperScanner:200 - Enabling autowire by type for MapperFactoryBean with name 'materialBackOrderMapper'.
2022/03/09 10:50:58 DEBUG ClassPathMapperScanner:164 - Creating MapperFactoryBean with name 'materialBuyExcelMapper' and 'com.zhjh.mapper.MaterialBuyExcelMapper' mapperInterface
2022/03/09 10:50:58 DEBUG ClassPathMapperScanner:200 - Enabling autowire by type for MapperFactoryBean with name 'materialBuyExcelMapper'.
2022/03/09 10:50:58 DEBUG ClassPathMapperScanner:164 - Creating MapperFactoryBean with name 'materialBuyExcelTimeMapper' and 'com.zhjh.mapper.MaterialBuyExcelTimeMapper' mapperInterface
2022/03/09 10:50:58 DEBUG ClassPathMapperScanner:200 - Enabling autowire by type for MapperFactoryBean with name 'materialBuyExcelTimeMapper'.
2022/03/09 10:50:58 DEBUG ClassPathMapperScanner:164 - Creating MapperFactoryBean with name 'materialbuyorderdetailsBlankMapper' and 'com.zhjh.mapper.MaterialbuyorderdetailsBlankMapper' mapperInterface
2022/03/09 10:50:58 DEBUG ClassPathMapperScanner:200 - Enabling autowire by type for MapperFactoryBean with name 'materialbuyorderdetailsBlankMapper'.
2022/03/09 10:50:58 DEBUG ClassPathMapperScanner:164 - Creating MapperFactoryBean with name 'materialBuyOrderDetailsMapper' and 'com.zhjh.mapper.MaterialBuyOrderDetailsMapper' mapperInterface
2022/03/09 10:50:58 DEBUG ClassPathMapperScanner:200 - Enabling autowire by type for MapperFactoryBean with name 'materialBuyOrderDetailsMapper'.
2022/03/09 10:50:58 DEBUG ClassPathMapperScanner:164 - Creating MapperFactoryBean with name 'materialBuyOrderMapper' and 'com.zhjh.mapper.MaterialBuyOrderMapper' mapperInterface
2022/03/09 10:50:58 DEBUG ClassPathMapperScanner:200 - Enabling autowire by type for MapperFactoryBean with name 'materialBuyOrderMapper'.
2022/03/09 10:50:58 DEBUG ClassPathMapperScanner:164 - Creating MapperFactoryBean with name 'materialMapper' and 'com.zhjh.mapper.MaterialMapper' mapperInterface
2022/03/09 10:50:58 DEBUG ClassPathMapperScanner:200 - Enabling autowire by type for MapperFactoryBean with name 'materialMapper'.
2022/03/09 10:50:58 DEBUG ClassPathMapperScanner:164 - Creating MapperFactoryBean with name 'materialQualityTypeMapper' and 'com.zhjh.mapper.MaterialQualityTypeMapper' mapperInterface
2022/03/09 10:50:58 DEBUG ClassPathMapperScanner:200 - Enabling autowire by type for MapperFactoryBean with name 'materialQualityTypeMapper'.
2022/03/09 10:50:58 DEBUG ClassPathMapperScanner:164 - Creating MapperFactoryBean with name 'materialqualitytypeProcessMapper' and 'com.zhjh.mapper.MaterialqualitytypeProcessMapper' mapperInterface
2022/03/09 10:50:58 DEBUG ClassPathMapperScanner:200 - Enabling autowire by type for MapperFactoryBean with name 'materialqualitytypeProcessMapper'.
2022/03/09 10:50:58 DEBUG ClassPathMapperScanner:164 - Creating MapperFactoryBean with name 'materialweightMapper' and 'com.zhjh.mapper.MaterialweightMapper' mapperInterface
2022/03/09 10:50:58 DEBUG ClassPathMapperScanner:200 - Enabling autowire by type for MapperFactoryBean with name 'materialweightMapper'.
2022/03/09 10:50:58 DEBUG ClassPathMapperScanner:164 - Creating MapperFactoryBean with name 'orderDetailsMapper' and 'com.zhjh.mapper.OrderDetailsMapper' mapperInterface
2022/03/09 10:50:58 DEBUG ClassPathMapperScanner:200 - Enabling autowire by type for MapperFactoryBean with name 'orderDetailsMapper'.
2022/03/09 10:50:58 DEBUG ClassPathMapperScanner:164 - Creating MapperFactoryBean with name 'orderDetailsProcessMapper' and 'com.zhjh.mapper.OrderDetailsProcessMapper' mapperInterface
2022/03/09 10:50:58 DEBUG ClassPathMapperScanner:200 - Enabling autowire by type for MapperFactoryBean with name 'orderDetailsProcessMapper'.
2022/03/09 10:50:58 DEBUG ClassPathMapperScanner:164 - Creating MapperFactoryBean with name 'orderGoodCodeMapper' and 'com.zhjh.mapper.OrderGoodCodeMapper' mapperInterface
2022/03/09 10:50:58 DEBUG ClassPathMapperScanner:200 - Enabling autowire by type for MapperFactoryBean with name 'orderGoodCodeMapper'.
2022/03/09 10:50:58 DEBUG ClassPathMapperScanner:164 - Creating MapperFactoryBean with name 'orderMapper' and 'com.zhjh.mapper.OrderMapper' mapperInterface
2022/03/09 10:50:58 DEBUG ClassPathMapperScanner:200 - Enabling autowire by type for MapperFactoryBean with name 'orderMapper'.
2022/03/09 10:50:58 DEBUG ClassPathMapperScanner:164 - Creating MapperFactoryBean with name 'podetailsMapper' and 'com.zhjh.mapper.PodetailsMapper' mapperInterface
2022/03/09 10:50:58 DEBUG ClassPathMapperScanner:200 - Enabling autowire by type for MapperFactoryBean with name 'podetailsMapper'.
2022/03/09 10:50:58 DEBUG ClassPathMapperScanner:164 - Creating MapperFactoryBean with name 'poMapper' and 'com.zhjh.mapper.PoMapper' mapperInterface
2022/03/09 10:50:58 DEBUG ClassPathMapperScanner:200 - Enabling autowire by type for MapperFactoryBean with name 'poMapper'.
2022/03/09 10:50:58 DEBUG ClassPathMapperScanner:164 - Creating MapperFactoryBean with name 'postSearchMapper' and 'com.zhjh.mapper.PostSearchMapper' mapperInterface
2022/03/09 10:50:58 DEBUG ClassPathMapperScanner:200 - Enabling autowire by type for MapperFactoryBean with name 'postSearchMapper'.
2022/03/09 10:50:58 DEBUG ClassPathMapperScanner:164 - Creating MapperFactoryBean with name 'processMapper' and 'com.zhjh.mapper.ProcessMapper' mapperInterface
2022/03/09 10:50:58 DEBUG ClassPathMapperScanner:200 - Enabling autowire by type for MapperFactoryBean with name 'processMapper'.
2022/03/09 10:50:58 DEBUG ClassPathMapperScanner:164 - Creating MapperFactoryBean with name 'progressSearchMapper' and 'com.zhjh.mapper.ProgressSearchMapper' mapperInterface
2022/03/09 10:50:58 DEBUG ClassPathMapperScanner:200 - Enabling autowire by type for MapperFactoryBean with name 'progressSearchMapper'.
2022/03/09 10:50:58 DEBUG ClassPathMapperScanner:164 - Creating MapperFactoryBean with name 'resourcesMapper' and 'com.zhjh.mapper.ResourcesMapper' mapperInterface
2022/03/09 10:50:58 DEBUG ClassPathMapperScanner:200 - Enabling autowire by type for MapperFactoryBean with name 'resourcesMapper'.
2022/03/09 10:50:58 DEBUG ClassPathMapperScanner:164 - Creating MapperFactoryBean with name 'resRoleMapper' and 'com.zhjh.mapper.ResRoleMapper' mapperInterface
2022/03/09 10:50:58 DEBUG ClassPathMapperScanner:200 - Enabling autowire by type for MapperFactoryBean with name 'resRoleMapper'.
2022/03/09 10:50:58 DEBUG ClassPathMapperScanner:164 - Creating MapperFactoryBean with name 'roleMapper' and 'com.zhjh.mapper.RoleMapper' mapperInterface
2022/03/09 10:50:58 DEBUG ClassPathMapperScanner:200 - Enabling autowire by type for MapperFactoryBean with name 'roleMapper'.
2022/03/09 10:50:58 DEBUG ClassPathMapperScanner:164 - Creating MapperFactoryBean with name 'roleProcessMapper' and 'com.zhjh.mapper.RoleProcessMapper' mapperInterface
2022/03/09 10:50:58 DEBUG ClassPathMapperScanner:200 - Enabling autowire by type for MapperFactoryBean with name 'roleProcessMapper'.
2022/03/09 10:50:58 DEBUG ClassPathMapperScanner:164 - Creating MapperFactoryBean with name 'scanCodeMapper' and 'com.zhjh.mapper.ScanCodeMapper' mapperInterface
2022/03/09 10:50:58 DEBUG ClassPathMapperScanner:200 - Enabling autowire by type for MapperFactoryBean with name 'scanCodeMapper'.
2022/03/09 10:50:58 DEBUG ClassPathMapperScanner:164 - Creating MapperFactoryBean with name 'scrapMapper' and 'com.zhjh.mapper.ScrapMapper' mapperInterface
2022/03/09 10:50:58 DEBUG ClassPathMapperScanner:200 - Enabling autowire by type for MapperFactoryBean with name 'scrapMapper'.
2022/03/09 10:50:58 DEBUG ClassPathMapperScanner:164 - Creating MapperFactoryBean with name 'sendInputMapper' and 'com.zhjh.mapper.SendInputMapper' mapperInterface
2022/03/09 10:50:58 DEBUG ClassPathMapperScanner:200 - Enabling autowire by type for MapperFactoryBean with name 'sendInputMapper'.
2022/03/09 10:50:58 DEBUG ClassPathMapperScanner:164 - Creating MapperFactoryBean with name 'stockMapper' and 'com.zhjh.mapper.StockMapper' mapperInterface
2022/03/09 10:50:58 DEBUG ClassPathMapperScanner:200 - Enabling autowire by type for MapperFactoryBean with name 'stockMapper'.
2022/03/09 10:50:58 DEBUG ClassPathMapperScanner:164 - Creating MapperFactoryBean with name 'supplierMapper' and 'com.zhjh.mapper.SupplierMapper' mapperInterface
2022/03/09 10:50:58 DEBUG ClassPathMapperScanner:200 - Enabling autowire by type for MapperFactoryBean with name 'supplierMapper'.
2022/03/09 10:50:58 DEBUG ClassPathMapperScanner:164 - Creating MapperFactoryBean with name 'systemconfigMapper' and 'com.zhjh.mapper.SystemconfigMapper' mapperInterface
2022/03/09 10:50:58 DEBUG ClassPathMapperScanner:200 - Enabling autowire by type for MapperFactoryBean with name 'systemconfigMapper'.
2022/03/09 10:50:58 DEBUG ClassPathMapperScanner:164 - Creating MapperFactoryBean with name 'teamMapper' and 'com.zhjh.mapper.TeamMapper' mapperInterface
2022/03/09 10:50:58 DEBUG ClassPathMapperScanner:200 - Enabling autowire by type for MapperFactoryBean with name 'teamMapper'.
2022/03/09 10:50:58 DEBUG ClassPathMapperScanner:164 - Creating MapperFactoryBean with name 'toolInMapper' and 'com.zhjh.mapper.ToolInMapper' mapperInterface
2022/03/09 10:50:58 DEBUG ClassPathMapperScanner:200 - Enabling autowire by type for MapperFactoryBean with name 'toolInMapper'.
2022/03/09 10:50:58 DEBUG ClassPathMapperScanner:164 - Creating MapperFactoryBean with name 'toolMapper' and 'com.zhjh.mapper.ToolMapper' mapperInterface
2022/03/09 10:50:58 DEBUG ClassPathMapperScanner:200 - Enabling autowire by type for MapperFactoryBean with name 'toolMapper'.
2022/03/09 10:50:58 DEBUG ClassPathMapperScanner:164 - Creating MapperFactoryBean with name 'toolOutMapper' and 'com.zhjh.mapper.ToolOutMapper' mapperInterface
2022/03/09 10:50:58 DEBUG ClassPathMapperScanner:200 - Enabling autowire by type for MapperFactoryBean with name 'toolOutMapper'.
2022/03/09 10:50:58 DEBUG ClassPathMapperScanner:164 - Creating MapperFactoryBean with name 'toolStockMapper' and 'com.zhjh.mapper.ToolStockMapper' mapperInterface
2022/03/09 10:50:58 DEBUG ClassPathMapperScanner:200 - Enabling autowire by type for MapperFactoryBean with name 'toolStockMapper'.
2022/03/09 10:50:58 DEBUG ClassPathMapperScanner:164 - Creating MapperFactoryBean with name 'toolTypeMapper' and 'com.zhjh.mapper.ToolTypeMapper' mapperInterface
2022/03/09 10:50:58 DEBUG ClassPathMapperScanner:200 - Enabling autowire by type for MapperFactoryBean with name 'toolTypeMapper'.
2022/03/09 10:50:58 DEBUG ClassPathMapperScanner:164 - Creating MapperFactoryBean with name 'unitMapper' and 'com.zhjh.mapper.UnitMapper' mapperInterface
2022/03/09 10:50:58 DEBUG ClassPathMapperScanner:200 - Enabling autowire by type for MapperFactoryBean with name 'unitMapper'.
2022/03/09 10:50:58 DEBUG ClassPathMapperScanner:164 - Creating MapperFactoryBean with name 'unqualifiedMapper' and 'com.zhjh.mapper.UnqualifiedMapper' mapperInterface
2022/03/09 10:50:58 DEBUG ClassPathMapperScanner:200 - Enabling autowire by type for MapperFactoryBean with name 'unqualifiedMapper'.
2022/03/09 10:50:58 DEBUG ClassPathMapperScanner:164 - Creating MapperFactoryBean with name 'userLoginMapper' and 'com.zhjh.mapper.UserLoginMapper' mapperInterface
2022/03/09 10:50:58 DEBUG ClassPathMapperScanner:200 - Enabling autowire by type for MapperFactoryBean with name 'userLoginMapper'.
2022/03/09 10:50:58 DEBUG ClassPathMapperScanner:164 - Creating MapperFactoryBean with name 'userMapper' and 'com.zhjh.mapper.UserMapper' mapperInterface
2022/03/09 10:50:58 DEBUG ClassPathMapperScanner:200 - Enabling autowire by type for MapperFactoryBean with name 'userMapper'.
2022/03/09 10:50:58 DEBUG ClassPathMapperScanner:164 - Creating MapperFactoryBean with name 'userRoleMapper' and 'com.zhjh.mapper.UserRoleMapper' mapperInterface
2022/03/09 10:50:58 DEBUG ClassPathMapperScanner:200 - Enabling autowire by type for MapperFactoryBean with name 'userRoleMapper'.
2022/03/09 10:50:58 DEBUG ClassPathMapperScanner:164 - Creating MapperFactoryBean with name 'wagesMapper' and 'com.zhjh.mapper.WagesMapper' mapperInterface
2022/03/09 10:50:58 DEBUG ClassPathMapperScanner:200 - Enabling autowire by type for MapperFactoryBean with name 'wagesMapper'.
2022/03/09 10:50:58 DEBUG ClassPathMapperScanner:164 - Creating MapperFactoryBean with name 'workersubmitHeatTreatMapper' and 'com.zhjh.mapper.WorkersubmitHeatTreatMapper' mapperInterface
2022/03/09 10:50:58 DEBUG ClassPathMapperScanner:200 - Enabling autowire by type for MapperFactoryBean with name 'workersubmitHeatTreatMapper'.
2022/03/09 10:50:58 DEBUG ClassPathMapperScanner:164 - Creating MapperFactoryBean with name 'workersubmitMapper' and 'com.zhjh.mapper.WorkersubmitMapper' mapperInterface
2022/03/09 10:50:58 DEBUG ClassPathMapperScanner:200 - Enabling autowire by type for MapperFactoryBean with name 'workersubmitMapper'.
2022/03/09 10:50:58 DEBUG ClassPathMapperScanner:164 - Creating MapperFactoryBean with name 'workGoodcodeMapper' and 'com.zhjh.mapper.WorkGoodcodeMapper' mapperInterface
2022/03/09 10:50:58 DEBUG ClassPathMapperScanner:200 - Enabling autowire by type for MapperFactoryBean with name 'workGoodcodeMapper'.
2022/03/09 10:50:58 DEBUG ClassPathMapperScanner:164 - Creating MapperFactoryBean with name 'workoverwageMapper' and 'com.zhjh.mapper.WorkoverwageMapper' mapperInterface
2022/03/09 10:50:58 DEBUG ClassPathMapperScanner:200 - Enabling autowire by type for MapperFactoryBean with name 'workoverwageMapper'.
2022/03/09 10:51:05  INFO DruidDataSource:715 - {dataSource-1} inited
2022/03/09 10:51:06 DEBUG SqlSessionFactoryBean:362 - Property 'configLocation' not specified, using default MyBatis Configuration
2022/03/09 10:51:09 DEBUG SqlSessionFactoryBean:383 - Scanned package: 'com.zhjh.entity' for aliases
2022/03/09 10:51:09 DEBUG SqlSessionFactoryBean:401 - Registered plugin: 'com.zhjh.plugin.PagePlugin@776802b0'
2022/03/09 10:51:10 DEBUG SqlSessionFactoryBean:472 - Parsed mapper file: 'file [D:\IDEAUi\XMJX\target\classes\mappings\area-mapper.xml]'
2022/03/09 10:51:11 DEBUG SqlSessionFactoryBean:472 - Parsed mapper file: 'file [D:\IDEAUi\XMJX\target\classes\mappings\attendance-mapper.xml]'
2022/03/09 10:51:11 DEBUG SqlSessionFactoryBean:472 - Parsed mapper file: 'file [D:\IDEAUi\XMJX\target\classes\mappings\badnotice-mapper.xml]'
2022/03/09 10:51:11 DEBUG SqlSessionFactoryBean:472 - Parsed mapper file: 'file [D:\IDEAUi\XMJX\target\classes\mappings\base-mapper.xml]'
2022/03/09 10:51:12 DEBUG SqlSessionFactoryBean:472 - Parsed mapper file: 'file [D:\IDEAUi\XMJX\target\classes\mappings\blank-mapper.xml]'
2022/03/09 10:51:12 DEBUG SqlSessionFactoryBean:472 - Parsed mapper file: 'file [D:\IDEAUi\XMJX\target\classes\mappings\blankprocess-mapper.xml]'
2022/03/09 10:51:12 DEBUG SqlSessionFactoryBean:472 - Parsed mapper file: 'file [D:\IDEAUi\XMJX\target\classes\mappings\blanksize-mapper.xml]'
2022/03/09 10:51:12 DEBUG SqlSessionFactoryBean:472 - Parsed mapper file: 'file [D:\IDEAUi\XMJX\target\classes\mappings\cid-role-mapper.xml]'
2022/03/09 10:51:12 DEBUG SqlSessionFactoryBean:472 - Parsed mapper file: 'file [D:\IDEAUi\XMJX\target\classes\mappings\client-mapper.xml]'
2022/03/09 10:51:12 DEBUG SqlSessionFactoryBean:472 - Parsed mapper file: 'file [D:\IDEAUi\XMJX\target\classes\mappings\employee-mapper.xml]'
2022/03/09 10:51:12 DEBUG SqlSessionFactoryBean:472 - Parsed mapper file: 'file [D:\IDEAUi\XMJX\target\classes\mappings\fixedprocess-mapper.xml]'
2022/03/09 10:51:12 DEBUG SqlSessionFactoryBean:472 - Parsed mapper file: 'file [D:\IDEAUi\XMJX\target\classes\mappings\good-mapper.xml]'
2022/03/09 10:51:12 DEBUG SqlSessionFactoryBean:472 - Parsed mapper file: 'file [D:\IDEAUi\XMJX\target\classes\mappings\goodprocess-mapper.xml]'
2022/03/09 10:51:12 DEBUG SqlSessionFactoryBean:472 - Parsed mapper file: 'file [D:\IDEAUi\XMJX\target\classes\mappings\goodproductcategory-mapper.xml]'
2022/03/09 10:51:12 DEBUG SqlSessionFactoryBean:472 - Parsed mapper file: 'file [D:\IDEAUi\XMJX\target\classes\mappings\hardness-mapper.xml]'
2022/03/09 10:51:13 DEBUG SqlSessionFactoryBean:472 - Parsed mapper file: 'file [D:\IDEAUi\XMJX\target\classes\mappings\heattreat-mapper.xml]'
2022/03/09 10:51:13 DEBUG SqlSessionFactoryBean:472 - Parsed mapper file: 'file [D:\IDEAUi\XMJX\target\classes\mappings\leave-mapper.xml]'
2022/03/09 10:51:13 DEBUG SqlSessionFactoryBean:472 - Parsed mapper file: 'file [D:\IDEAUi\XMJX\target\classes\mappings\log-mapper.xml]'
2022/03/09 10:51:13 DEBUG SqlSessionFactoryBean:472 - Parsed mapper file: 'file [D:\IDEAUi\XMJX\target\classes\mappings\material-mapper.xml]'
2022/03/09 10:51:13 DEBUG SqlSessionFactoryBean:472 - Parsed mapper file: 'file [D:\IDEAUi\XMJX\target\classes\mappings\materialbackexcel-mapper.xml]'
2022/03/09 10:51:13 DEBUG SqlSessionFactoryBean:472 - Parsed mapper file: 'file [D:\IDEAUi\XMJX\target\classes\mappings\materialbackexceldetails-mapper.xml]'
2022/03/09 10:51:13 DEBUG SqlSessionFactoryBean:472 - Parsed mapper file: 'file [D:\IDEAUi\XMJX\target\classes\mappings\materialbackorder-mapper.xml]'
2022/03/09 10:51:13 DEBUG SqlSessionFactoryBean:472 - Parsed mapper file: 'file [D:\IDEAUi\XMJX\target\classes\mappings\materialbackorderdetails-mapper.xml]'
2022/03/09 10:51:13 DEBUG SqlSessionFactoryBean:472 - Parsed mapper file: 'file [D:\IDEAUi\XMJX\target\classes\mappings\materialbackorderdetailsdetails-mapper.xml]'
2022/03/09 10:51:13 DEBUG SqlSessionFactoryBean:472 - Parsed mapper file: 'file [D:\IDEAUi\XMJX\target\classes\mappings\materialbuyexcel-mapper.xml]'
2022/03/09 10:51:13 DEBUG SqlSessionFactoryBean:472 - Parsed mapper file: 'file [D:\IDEAUi\XMJX\target\classes\mappings\materialbuyexceltime-mapper.xml]'
2022/03/09 10:51:13 DEBUG SqlSessionFactoryBean:472 - Parsed mapper file: 'file [D:\IDEAUi\XMJX\target\classes\mappings\materialbuyorder-mapper.xml]'
2022/03/09 10:51:13 DEBUG SqlSessionFactoryBean:472 - Parsed mapper file: 'file [D:\IDEAUi\XMJX\target\classes\mappings\materialbuyorderdetails-mapper.xml]'
2022/03/09 10:51:13 DEBUG SqlSessionFactoryBean:472 - Parsed mapper file: 'file [D:\IDEAUi\XMJX\target\classes\mappings\materialbuyorderdetailsblank-mapper.xml]'
2022/03/09 10:51:14 DEBUG SqlSessionFactoryBean:472 - Parsed mapper file: 'file [D:\IDEAUi\XMJX\target\classes\mappings\materialqualitytype-mapper.xml]'
2022/03/09 10:51:14 DEBUG SqlSessionFactoryBean:472 - Parsed mapper file: 'file [D:\IDEAUi\XMJX\target\classes\mappings\materialqualitytypeprocess-mapper.xml]'
2022/03/09 10:51:14 DEBUG SqlSessionFactoryBean:472 - Parsed mapper file: 'file [D:\IDEAUi\XMJX\target\classes\mappings\materialweight-mapper.xml]'
2022/03/09 10:51:14 DEBUG SqlSessionFactoryBean:472 - Parsed mapper file: 'file [D:\IDEAUi\XMJX\target\classes\mappings\order-mapper.xml]'
2022/03/09 10:51:14 DEBUG SqlSessionFactoryBean:472 - Parsed mapper file: 'file [D:\IDEAUi\XMJX\target\classes\mappings\orderdetails-mapper.xml]'
2022/03/09 10:51:14 DEBUG SqlSessionFactoryBean:472 - Parsed mapper file: 'file [D:\IDEAUi\XMJX\target\classes\mappings\orderdetailsprocess-mapper.xml]'
2022/03/09 10:51:14 DEBUG SqlSessionFactoryBean:472 - Parsed mapper file: 'file [D:\IDEAUi\XMJX\target\classes\mappings\ordergoodcode-mapper.xml]'
2022/03/09 10:51:14 DEBUG SqlSessionFactoryBean:472 - Parsed mapper file: 'file [D:\IDEAUi\XMJX\target\classes\mappings\po-mapper.xml]'
2022/03/09 10:51:14 DEBUG SqlSessionFactoryBean:472 - Parsed mapper file: 'file [D:\IDEAUi\XMJX\target\classes\mappings\podetails-mapper.xml]'
2022/03/09 10:51:14 DEBUG SqlSessionFactoryBean:472 - Parsed mapper file: 'file [D:\IDEAUi\XMJX\target\classes\mappings\postsearch-mapper.xml]'
2022/03/09 10:51:14 DEBUG SqlSessionFactoryBean:472 - Parsed mapper file: 'file [D:\IDEAUi\XMJX\target\classes\mappings\process-mapper.xml]'
2022/03/09 10:51:14 DEBUG SqlSessionFactoryBean:472 - Parsed mapper file: 'file [D:\IDEAUi\XMJX\target\classes\mappings\progresssearch-mapper.xml]'
2022/03/09 10:51:14 DEBUG SqlSessionFactoryBean:472 - Parsed mapper file: 'file [D:\IDEAUi\XMJX\target\classes\mappings\resources-mapper.xml]'
2022/03/09 10:51:14 DEBUG SqlSessionFactoryBean:472 - Parsed mapper file: 'file [D:\IDEAUi\XMJX\target\classes\mappings\role-mapper.xml]'
2022/03/09 10:51:14 DEBUG SqlSessionFactoryBean:472 - Parsed mapper file: 'file [D:\IDEAUi\XMJX\target\classes\mappings\roleprocess-mapper.xml]'
2022/03/09 10:51:14 DEBUG SqlSessionFactoryBean:472 - Parsed mapper file: 'file [D:\IDEAUi\XMJX\target\classes\mappings\scrap-mapper.xml]'
2022/03/09 10:51:14 DEBUG SqlSessionFactoryBean:472 - Parsed mapper file: 'file [D:\IDEAUi\XMJX\target\classes\mappings\sendinput-mapper.xml]'
2022/03/09 10:51:15 DEBUG SqlSessionFactoryBean:472 - Parsed mapper file: 'file [D:\IDEAUi\XMJX\target\classes\mappings\stock-mapper.xml]'
2022/03/09 10:51:15 DEBUG SqlSessionFactoryBean:472 - Parsed mapper file: 'file [D:\IDEAUi\XMJX\target\classes\mappings\supplier-mapper.xml]'
2022/03/09 10:51:15 DEBUG SqlSessionFactoryBean:472 - Parsed mapper file: 'file [D:\IDEAUi\XMJX\target\classes\mappings\systemconfig-mapper.xml]'
2022/03/09 10:51:15 DEBUG SqlSessionFactoryBean:472 - Parsed mapper file: 'file [D:\IDEAUi\XMJX\target\classes\mappings\team-mapper.xml]'
2022/03/09 10:51:15 DEBUG SqlSessionFactoryBean:472 - Parsed mapper file: 'file [D:\IDEAUi\XMJX\target\classes\mappings\tool-mapper.xml]'
2022/03/09 10:51:15 DEBUG SqlSessionFactoryBean:472 - Parsed mapper file: 'file [D:\IDEAUi\XMJX\target\classes\mappings\toolin-mapper.xml]'
2022/03/09 10:51:15 DEBUG SqlSessionFactoryBean:472 - Parsed mapper file: 'file [D:\IDEAUi\XMJX\target\classes\mappings\toolout-mapper.xml]'
2022/03/09 10:51:15 DEBUG SqlSessionFactoryBean:472 - Parsed mapper file: 'file [D:\IDEAUi\XMJX\target\classes\mappings\toolstock-mapper.xml]'
2022/03/09 10:51:15 DEBUG SqlSessionFactoryBean:472 - Parsed mapper file: 'file [D:\IDEAUi\XMJX\target\classes\mappings\tooltype-mapper.xml]'
2022/03/09 10:51:15 DEBUG SqlSessionFactoryBean:472 - Parsed mapper file: 'file [D:\IDEAUi\XMJX\target\classes\mappings\unit-mapper.xml]'
2022/03/09 10:51:15 DEBUG SqlSessionFactoryBean:472 - Parsed mapper file: 'file [D:\IDEAUi\XMJX\target\classes\mappings\unqualified-mapper.xml]'
2022/03/09 10:51:15 DEBUG SqlSessionFactoryBean:472 - Parsed mapper file: 'file [D:\IDEAUi\XMJX\target\classes\mappings\user-mapper.xml]'
2022/03/09 10:51:15 DEBUG SqlSessionFactoryBean:472 - Parsed mapper file: 'file [D:\IDEAUi\XMJX\target\classes\mappings\userrole-mapper.xml]'
2022/03/09 10:51:15 DEBUG SqlSessionFactoryBean:472 - Parsed mapper file: 'file [D:\IDEAUi\XMJX\target\classes\mappings\wages-mapper.xml]'
2022/03/09 10:51:15 DEBUG SqlSessionFactoryBean:472 - Parsed mapper file: 'file [D:\IDEAUi\XMJX\target\classes\mappings\workersubmit-mapper.xml]'
2022/03/09 10:51:15 DEBUG SqlSessionFactoryBean:472 - Parsed mapper file: 'file [D:\IDEAUi\XMJX\target\classes\mappings\workersubmitheattreat-mapper.xml]'
2022/03/09 10:51:15 DEBUG SqlSessionFactoryBean:472 - Parsed mapper file: 'file [D:\IDEAUi\XMJX\target\classes\mappings\workoverwage-mapper.xml]'
2022/03/09 10:51:26 DEBUG SqlSessionUtils:104 - Creating a new SqlSession
2022/03/09 10:51:27 DEBUG SqlSessionUtils:120 - Registering transaction synchronization for SqlSession [org.apache.ibatis.session.defaults.DefaultSqlSession@fab35b1]
2022/03/09 10:51:27 DEBUG SpringManagedTransaction:86 - JDBC Connection [com.alibaba.druid.proxy.jdbc.ConnectionProxyImpl@508a65bf] will be managed by Spring
2022/03/09 10:51:27 DEBUG findSimpleNameText:139 - ==>  Preparing: SELECT ly_client.id, ly_client.simpleName as text from ly_client where simpleName like CONCAT('%',?,'%') 
2022/03/09 10:51:27 DEBUG findSimpleNameText:139 - ==> Parameters: (String)
2022/03/09 10:51:27 TRACE findSimpleNameText:145 - <==    Columns: id, text
2022/03/09 10:51:27 TRACE findSimpleNameText:145 - <==        Row: 12, 
2022/03/09 10:51:28 TRACE findSimpleNameText:145 - <==        Row: 13, 
2022/03/09 10:51:28 TRACE findSimpleNameText:145 - <==        Row: 14, 
2022/03/09 10:51:28 TRACE findSimpleNameText:145 - <==        Row: 17, 
2022/03/09 10:51:28 TRACE findSimpleNameText:145 - <==        Row: 18, 
2022/03/09 10:51:28 TRACE findSimpleNameText:145 - <==        Row: 20, 
2022/03/09 10:51:28 TRACE findSimpleNameText:145 - <==        Row: 25, 
2022/03/09 10:51:28 TRACE findSimpleNameText:145 - <==        Row: 26, 
2022/03/09 10:51:28 TRACE findSimpleNameText:145 - <==        Row: 28, 
2022/03/09 10:51:28 TRACE findSimpleNameText:145 - <==        Row: 30, 
2022/03/09 10:51:28 TRACE findSimpleNameText:145 - <==        Row: 32, 
2022/03/09 10:51:28 TRACE findSimpleNameText:145 - <==        Row: 33, 
2022/03/09 10:51:28 TRACE findSimpleNameText:145 - <==        Row: 34, 
2022/03/09 10:51:28 TRACE findSimpleNameText:145 - <==        Row: 35, 
2022/03/09 10:51:28 TRACE findSimpleNameText:145 - <==        Row: 36, 
2022/03/09 10:51:28 TRACE findSimpleNameText:145 - <==        Row: 38, 
2022/03/09 10:51:28 TRACE findSimpleNameText:145 - <==        Row: 39, 
2022/03/09 10:51:28 TRACE findSimpleNameText:145 - <==        Row: 40, 
2022/03/09 10:51:28 TRACE findSimpleNameText:145 - <==        Row: 41, 
2022/03/09 10:51:28 TRACE findSimpleNameText:145 - <==        Row: 42, 
2022/03/09 10:51:28 TRACE findSimpleNameText:145 - <==        Row: 47, 
2022/03/09 10:51:28 TRACE findSimpleNameText:145 - <==        Row: 48, 
2022/03/09 10:51:28 TRACE findSimpleNameText:145 - <==        Row: 51, 
2022/03/09 10:51:28 TRACE findSimpleNameText:145 - <==        Row: 53, 
2022/03/09 10:51:28 TRACE findSimpleNameText:145 - <==        Row: 54, 
2022/03/09 10:51:28 TRACE findSimpleNameText:145 - <==        Row: 66, 
2022/03/09 10:51:28 TRACE findSimpleNameText:145 - <==        Row: 67, 
2022/03/09 10:51:28 TRACE findSimpleNameText:145 - <==        Row: 69, 
2022/03/09 10:51:28 TRACE findSimpleNameText:145 - <==        Row: 71, 
2022/03/09 10:51:28 TRACE findSimpleNameText:145 - <==        Row: 72, 
2022/03/09 10:51:28 TRACE findSimpleNameText:145 - <==        Row: 77, 
2022/03/09 10:51:28 TRACE findSimpleNameText:145 - <==        Row: 78, 
2022/03/09 10:51:28 TRACE findSimpleNameText:145 - <==        Row: 81, 
2022/03/09 10:51:28 TRACE findSimpleNameText:145 - <==        Row: 84, 
2022/03/09 10:51:28 TRACE findSimpleNameText:145 - <==        Row: 88, 
2022/03/09 10:51:28 TRACE findSimpleNameText:145 - <==        Row: 89, 
2022/03/09 10:51:28 TRACE findSimpleNameText:145 - <==        Row: 92, 
2022/03/09 10:51:28 TRACE findSimpleNameText:145 - <==        Row: 94, 
2022/03/09 10:51:28 TRACE findSimpleNameText:145 - <==        Row: 95, 
2022/03/09 10:51:28 TRACE findSimpleNameText:145 - <==        Row: 100, 
2022/03/09 10:51:28 TRACE findSimpleNameText:145 - <==        Row: 102, 
2022/03/09 10:51:28 TRACE findSimpleNameText:145 - <==        Row: 106, 
2022/03/09 10:51:28 TRACE findSimpleNameText:145 - <==        Row: 107, 
2022/03/09 10:51:28 TRACE findSimpleNameText:145 - <==        Row: 111, 
2022/03/09 10:51:28 TRACE findSimpleNameText:145 - <==        Row: 112, 
2022/03/09 10:51:28 TRACE findSimpleNameText:145 - <==        Row: 117, 
2022/03/09 10:51:28 TRACE findSimpleNameText:145 - <==        Row: 124, 
2022/03/09 10:51:28 TRACE findSimpleNameText:145 - <==        Row: 127, 
2022/03/09 10:51:28 TRACE findSimpleNameText:145 - <==        Row: 128, 
2022/03/09 10:51:28 TRACE findSimpleNameText:145 - <==        Row: 129, 
2022/03/09 10:51:28 TRACE findSimpleNameText:145 - <==        Row: 134, 
2022/03/09 10:51:28 TRACE findSimpleNameText:145 - <==        Row: 135, 
2022/03/09 10:51:28 TRACE findSimpleNameText:145 - <==        Row: 136, 
2022/03/09 10:51:28 TRACE findSimpleNameText:145 - <==        Row: 137, 
2022/03/09 10:51:28 TRACE findSimpleNameText:145 - <==        Row: 138, 
2022/03/09 10:51:28 TRACE findSimpleNameText:145 - <==        Row: 139, 
2022/03/09 10:51:28 TRACE findSimpleNameText:145 - <==        Row: 140, 
2022/03/09 10:51:28 TRACE findSimpleNameText:145 - <==        Row: 141, 
2022/03/09 10:51:28 TRACE findSimpleNameText:145 - <==        Row: 142, 
2022/03/09 10:51:28 TRACE findSimpleNameText:145 - <==        Row: 143, 
2022/03/09 10:51:28 TRACE findSimpleNameText:145 - <==        Row: 144, 
2022/03/09 10:51:28 TRACE findSimpleNameText:145 - <==        Row: 145, 
2022/03/09 10:51:28 TRACE findSimpleNameText:145 - <==        Row: 146, 
2022/03/09 10:51:28 TRACE findSimpleNameText:145 - <==        Row: 147, 
2022/03/09 10:51:28 TRACE findSimpleNameText:145 - <==        Row: 149, 
2022/03/09 10:51:28 TRACE findSimpleNameText:145 - <==        Row: 150, 
2022/03/09 10:51:28 TRACE findSimpleNameText:145 - <==        Row: 151, 
2022/03/09 10:51:28 TRACE findSimpleNameText:145 - <==        Row: 152, 
2022/03/09 10:51:28 TRACE findSimpleNameText:145 - <==        Row: 153, 
2022/03/09 10:51:28 TRACE findSimpleNameText:145 - <==        Row: 154, 
2022/03/09 10:51:28 TRACE findSimpleNameText:145 - <==        Row: 155, 
2022/03/09 10:51:28 TRACE findSimpleNameText:145 - <==        Row: 156, 
2022/03/09 10:51:28 TRACE findSimpleNameText:145 - <==        Row: 157, 
2022/03/09 10:51:28 DEBUG findSimpleNameText:139 - <==      Total: 73
2022/03/09 10:51:28 DEBUG SqlSessionUtils:163 - Releasing transactional SqlSession [org.apache.ibatis.session.defaults.DefaultSqlSession@fab35b1]
2022/03/09 10:51:51 DEBUG SqlSessionUtils:287 - Transaction synchronization deregistering SqlSession [org.apache.ibatis.session.defaults.DefaultSqlSession@fab35b1]
2022/03/09 10:51:51 DEBUG SqlSessionUtils:292 - Transaction synchronization closing SqlSession [org.apache.ibatis.session.defaults.DefaultSqlSession@fab35b1]
2022/03/09 10:51:52  INFO DruidDataSource:1444 - {dataSource-1} closed
